<?xml version="1.0" encoding="UTF-8"?>
<!-- Generated by org.testng.reporters.JUnitReportReporter -->
<testsuite hostname="LAPTOP-2227L6T8" name="com.simpleautomation.tests.sampleTest" tests="1" failures="0" timestamp="18 Oct 2018 00:53:08 GMT" time="0.238" errors="0">
  <testcase name="FirstTest" time="0.238" classname="com.simpleautomation.tests.sampleTest"/>
</testsuite> <!-- com.simpleautomation.tests.sampleTest -->
